[0m20:39:43.071938 [debug] [MainThread]: Sending event: {'category': 'dbt', 'action': 'invocation', 'label': 'start', 'context': [<snowplow_tracker.self_describing_json.SelfDescribingJson object at 0x0000020EB6EC76D0>, <snowplow_tracker.self_describing_json.SelfDescribingJson object at 0x0000020EB6EE8B50>, <snowplow_tracker.self_describing_json.SelfDescribingJson object at 0x0000020EB6EEBFD0>]}


============================== 20:39:43.076938 | 9c6b1d61-02b1-41b6-a579-9b0b17fa9bb8 ==============================
[0m20:39:43.076938 [info ] [MainThread]: Running with dbt=1.8.0
[0m20:39:43.077934 [debug] [MainThread]: running dbt with arguments {'printer_width': '80', 'indirect_selection': 'eager', 'write_json': 'True', 'log_cache_events': 'False', 'partial_parse': 'True', 'cache_selected_only': 'False', 'profiles_dir': 'c:\\Users\\Renato\\Desktop\\PASTA_PROJETOS\\mercadolivre_elt\\dags\\dbt', 'fail_fast': 'False', 'debug': 'False', 'log_path': 'c:\\Users\\Renato\\Desktop\\PASTA_PROJETOS\\mercadolivre_elt\\dags\\dbt\\logs', 'version_check': 'True', 'warn_error': 'None', 'use_colors': 'True', 'use_experimental_parser': 'False', 'no_print': 'None', 'quiet': 'False', 'warn_error_options': 'WarnErrorOptions(include=[], exclude=[])', 'invocation_command': 'dbt ', 'log_format': 'default', 'introspect': 'True', 'target_path': 'None', 'static_parser': 'True', 'send_anonymous_usage_stats': 'True'}
[0m20:39:43.523655 [debug] [MainThread]: Sending event: {'category': 'dbt', 'action': 'project_id', 'label': '9c6b1d61-02b1-41b6-a579-9b0b17fa9bb8', 'context': [<snowplow_tracker.self_describing_json.SelfDescribingJson object at 0x0000020EB6F4A350>]}
[0m20:39:43.676794 [info ] [MainThread]: Warning: No packages were found in packages.yml
[0m20:39:43.678795 [info ] [MainThread]: Warning: No packages were found in packages.yml
[0m20:39:43.680792 [debug] [MainThread]: Command `cli deps` succeeded at 20:39:43.680792 after 0.80 seconds
[0m20:39:43.681968 [debug] [MainThread]: Sending event: {'category': 'dbt', 'action': 'invocation', 'label': 'end', 'context': [<snowplow_tracker.self_describing_json.SelfDescribingJson object at 0x0000020EB6ECCD90>, <snowplow_tracker.self_describing_json.SelfDescribingJson object at 0x0000020EB0796010>, <snowplow_tracker.self_describing_json.SelfDescribingJson object at 0x0000020EB0443590>]}
[0m20:39:43.682492 [debug] [MainThread]: Flushing usage events
[0m07:56:51.584745 [debug] [MainThread]: Sending event: {'category': 'dbt', 'action': 'invocation', 'label': 'start', 'context': [<snowplow_tracker.self_describing_json.SelfDescribingJson object at 0x00000268BFAE7490>, <snowplow_tracker.self_describing_json.SelfDescribingJson object at 0x00000268BFAE7610>, <snowplow_tracker.self_describing_json.SelfDescribingJson object at 0x00000268BFAE7190>]}


============================== 07:56:52.045126 | 02577fef-c93a-48c4-9a04-be58288f1744 ==============================
[0m07:56:52.045126 [info ] [MainThread]: Running with dbt=1.8.0
[0m07:56:52.046127 [debug] [MainThread]: running dbt with arguments {'printer_width': '80', 'indirect_selection': 'eager', 'log_cache_events': 'False', 'write_json': 'True', 'partial_parse': 'True', 'cache_selected_only': 'False', 'warn_error': 'None', 'version_check': 'True', 'fail_fast': 'False', 'log_path': 'c:\\Users\\Renato\\Desktop\\PASTA_PROJETOS\\mercadolivre_elt\\dags\\dbt\\logs', 'profiles_dir': 'c:\\Users\\Renato\\Desktop\\PASTA_PROJETOS\\mercadolivre_elt\\dags\\dbt', 'debug': 'False', 'use_colors': 'True', 'use_experimental_parser': 'False', 'no_print': 'None', 'quiet': 'False', 'log_format': 'default', 'introspect': 'True', 'warn_error_options': 'WarnErrorOptions(include=[], exclude=[])', 'invocation_command': 'dbt ', 'target_path': 'None', 'static_parser': 'True', 'send_anonymous_usage_stats': 'True'}
[0m07:56:52.294303 [debug] [MainThread]: Sending event: {'category': 'dbt', 'action': 'project_id', 'label': '02577fef-c93a-48c4-9a04-be58288f1744', 'context': [<snowplow_tracker.self_describing_json.SelfDescribingJson object at 0x00000268BFB36810>]}
[0m07:56:52.346273 [info ] [MainThread]: Warning: No packages were found in packages.yml
[0m07:56:52.348275 [info ] [MainThread]: Warning: No packages were found in packages.yml
[0m07:56:52.350272 [debug] [MainThread]: Command `cli deps` succeeded at 07:56:52.350272 after 0.90 seconds
[0m07:56:52.351271 [debug] [MainThread]: Sending event: {'category': 'dbt', 'action': 'invocation', 'label': 'end', 'context': [<snowplow_tracker.self_describing_json.SelfDescribingJson object at 0x00000268BFAECD50>, <snowplow_tracker.self_describing_json.SelfDescribingJson object at 0x00000268BFB37A10>, <snowplow_tracker.self_describing_json.SelfDescribingJson object at 0x00000268B9326050>]}
[0m07:56:52.352271 [debug] [MainThread]: Flushing usage events
[0m19:04:15.327226 [debug] [MainThread]: Sending event: {'category': 'dbt', 'action': 'invocation', 'label': 'start', 'context': [<snowplow_tracker.self_describing_json.SelfDescribingJson object at 0x000001C1C3857310>, <snowplow_tracker.self_describing_json.SelfDescribingJson object at 0x000001C1C38952D0>, <snowplow_tracker.self_describing_json.SelfDescribingJson object at 0x000001C1C3894150>]}


============================== 19:04:15.336220 | c3bbbc39-ec68-4031-b1f6-c885e64170ec ==============================
[0m19:04:15.336220 [info ] [MainThread]: Running with dbt=1.8.0
[0m19:04:15.338221 [debug] [MainThread]: running dbt with arguments {'printer_width': '80', 'indirect_selection': 'eager', 'write_json': 'True', 'log_cache_events': 'False', 'partial_parse': 'True', 'cache_selected_only': 'False', 'warn_error': 'None', 'debug': 'False', 'fail_fast': 'False', 'log_path': 'c:\\Users\\Renato\\Desktop\\PASTA_PROJETOS\\mercadolivre_elt\\dags\\dbt\\logs', 'version_check': 'True', 'profiles_dir': 'c:\\Users\\Renato\\Desktop\\PASTA_PROJETOS\\mercadolivre_elt\\dags\\dbt', 'use_colors': 'True', 'use_experimental_parser': 'False', 'no_print': 'None', 'quiet': 'False', 'warn_error_options': 'WarnErrorOptions(include=[], exclude=[])', 'introspect': 'True', 'invocation_command': 'dbt ', 'log_format': 'default', 'target_path': 'None', 'static_parser': 'True', 'send_anonymous_usage_stats': 'True'}
[0m19:04:15.760757 [debug] [MainThread]: Sending event: {'category': 'dbt', 'action': 'project_id', 'label': 'c3bbbc39-ec68-4031-b1f6-c885e64170ec', 'context': [<snowplow_tracker.self_describing_json.SelfDescribingJson object at 0x000001C1C3878950>]}
[0m19:04:15.877758 [info ] [MainThread]: Warning: No packages were found in packages.yml
[0m19:04:15.882770 [info ] [MainThread]: Warning: No packages were found in packages.yml
[0m19:04:15.887759 [debug] [MainThread]: Command `cli deps` succeeded at 19:04:15.886760 after 0.79 seconds
[0m19:04:15.889757 [debug] [MainThread]: Sending event: {'category': 'dbt', 'action': 'invocation', 'label': 'end', 'context': [<snowplow_tracker.self_describing_json.SelfDescribingJson object at 0x000001C1C385CB90>, <snowplow_tracker.self_describing_json.SelfDescribingJson object at 0x000001C1C344C050>, <snowplow_tracker.self_describing_json.SelfDescribingJson object at 0x000001C1BD096010>]}
[0m19:04:15.890757 [debug] [MainThread]: Flushing usage events
[0m19:42:37.753120 [debug] [MainThread]: Sending event: {'category': 'dbt', 'action': 'invocation', 'label': 'start', 'context': [<snowplow_tracker.self_describing_json.SelfDescribingJson object at 0x000001C5190B4450>, <snowplow_tracker.self_describing_json.SelfDescribingJson object at 0x000001C519106390>, <snowplow_tracker.self_describing_json.SelfDescribingJson object at 0x000001C518555590>]}


============================== 19:42:37.758120 | 60a5064a-904b-4ff1-ad37-e8fe57ec37c4 ==============================
[0m19:42:37.758120 [info ] [MainThread]: Running with dbt=1.8.0
[0m19:42:37.759121 [debug] [MainThread]: running dbt with arguments {'printer_width': '80', 'indirect_selection': 'eager', 'log_cache_events': 'False', 'write_json': 'True', 'partial_parse': 'True', 'cache_selected_only': 'False', 'profiles_dir': 'c:\\Users\\Renato\\Desktop\\PASTA_PROJETOS\\mercadolivre_elt\\dags\\dbt', 'version_check': 'True', 'fail_fast': 'False', 'log_path': 'c:\\Users\\Renato\\Desktop\\PASTA_PROJETOS\\mercadolivre_elt\\dags\\dbt\\logs', 'debug': 'False', 'warn_error': 'None', 'use_colors': 'True', 'use_experimental_parser': 'False', 'no_print': 'None', 'quiet': 'False', 'warn_error_options': 'WarnErrorOptions(include=[], exclude=[])', 'static_parser': 'True', 'introspect': 'True', 'invocation_command': 'dbt ', 'target_path': 'None', 'log_format': 'default', 'send_anonymous_usage_stats': 'True'}
[0m19:42:38.053365 [debug] [MainThread]: Sending event: {'category': 'dbt', 'action': 'project_id', 'label': '60a5064a-904b-4ff1-ad37-e8fe57ec37c4', 'context': [<snowplow_tracker.self_describing_json.SelfDescribingJson object at 0x000001C519138850>]}
[0m19:42:38.113524 [info ] [MainThread]: Warning: No packages were found in packages.yml
[0m19:42:38.115526 [info ] [MainThread]: Warning: No packages were found in packages.yml
[0m19:42:38.118527 [debug] [MainThread]: Command `cli deps` succeeded at 19:42:38.117528 after 0.56 seconds
[0m19:42:38.120528 [debug] [MainThread]: Sending event: {'category': 'dbt', 'action': 'invocation', 'label': 'end', 'context': [<snowplow_tracker.self_describing_json.SelfDescribingJson object at 0x000001C519112710>, <snowplow_tracker.self_describing_json.SelfDescribingJson object at 0x000001C5190BCC90>, <snowplow_tracker.self_describing_json.SelfDescribingJson object at 0x000001C518CAC050>]}
[0m19:42:38.121527 [debug] [MainThread]: Flushing usage events
[0m10:36:58.730221 [debug] [MainThread]: Sending event: {'category': 'dbt', 'action': 'invocation', 'label': 'start', 'context': [<snowplow_tracker.self_describing_json.SelfDescribingJson object at 0x000002043CA66C90>, <snowplow_tracker.self_describing_json.SelfDescribingJson object at 0x000002043B249390>, <snowplow_tracker.self_describing_json.SelfDescribingJson object at 0x000002043C64C350>]}


============================== 10:36:58.739439 | fc1eb054-56f5-42a4-99c3-8981b065256f ==============================
[0m10:36:58.739439 [info ] [MainThread]: Running with dbt=1.8.0
[0m10:36:58.743445 [debug] [MainThread]: running dbt with arguments {'printer_width': '80', 'indirect_selection': 'eager', 'log_cache_events': 'False', 'write_json': 'True', 'partial_parse': 'True', 'cache_selected_only': 'False', 'profiles_dir': 'c:\\Users\\Renato\\Desktop\\PASTA_PROJETOS\\mercadolivre_elt\\dags\\dbt', 'fail_fast': 'False', 'warn_error': 'None', 'log_path': 'c:\\Users\\Renato\\Desktop\\PASTA_PROJETOS\\mercadolivre_elt\\dags\\dbt\\logs', 'debug': 'False', 'version_check': 'True', 'use_colors': 'True', 'use_experimental_parser': 'False', 'no_print': 'None', 'quiet': 'False', 'warn_error_options': 'WarnErrorOptions(include=[], exclude=[])', 'static_parser': 'True', 'introspect': 'True', 'invocation_command': 'dbt ', 'target_path': 'None', 'log_format': 'default', 'send_anonymous_usage_stats': 'True'}
[0m10:36:59.122181 [debug] [MainThread]: Sending event: {'category': 'dbt', 'action': 'project_id', 'label': 'fc1eb054-56f5-42a4-99c3-8981b065256f', 'context': [<snowplow_tracker.self_describing_json.SelfDescribingJson object at 0x000002043CAC0510>]}
[0m10:36:59.203212 [info ] [MainThread]: Warning: No packages were found in packages.yml
[0m10:36:59.207213 [info ] [MainThread]: Warning: No packages were found in packages.yml
[0m10:36:59.212758 [debug] [MainThread]: Command `cli deps` succeeded at 10:36:59.211754 after 0.80 seconds
[0m10:36:59.213752 [debug] [MainThread]: Sending event: {'category': 'dbt', 'action': 'invocation', 'label': 'end', 'context': [<snowplow_tracker.self_describing_json.SelfDescribingJson object at 0x000002043CA6CAD0>, <snowplow_tracker.self_describing_json.SelfDescribingJson object at 0x000002043CA66810>, <snowplow_tracker.self_describing_json.SelfDescribingJson object at 0x000002043CA667D0>]}
[0m10:36:59.213752 [debug] [MainThread]: Flushing usage events
